Removed Member From Class: ClassName=U_Power_Circuit Member=C?
Change Footprint: Cannot match pads with new footprint in component :TP1 Footprint:KSTN-5003
Change Managed Component Library Link : Designator=TP1 Old VaultGUID=B7D15EC3-160A-466F-A46C-7801FE6295A7 New VaultGUID=B7D15EC3-160A-466F-A46C-7801FE6295A7 Old ItemGUID=908B97FC-1D2D-441B-8CCC-1CD5557745E9 New ItemGUID=624F7DBD-3812-4FF2-BD87-C8427B7B2ABA Old RevisionGUID=A91493D7-4C1E-48F2-AA31-EDCDBF6A297E New RevisionGUID=EBADE364-504F-4F75-ABA7-3C197908D269
Change component parameters: Designator = "TP1" ("TP1"); Footprint = "KSTN-5010_V"; UniqueID = "\QHFZQRAO\LZBOAKUJ" ("\QHFZQRAO\LZBOAKUJ")
Change component parameters (AddParameter): Name = "ComponentLink1Description"; Value = "Manufacturer URL"; VariantName = "[No Variations]"
Change component parameters (AddParameter): Name = "ComponentLink1URL"; Value = "http://www.keyelco.com/"; VariantName = "[No Variations]"
Change component parameters (AddParameter): Name = "ComponentLink2Description"; Value = "Datasheet"; VariantName = "[No Variations]"
Change component parameters (AddParameter): Name = "ComponentLink2URL"; Value = "http://keyelco.com/userAssets/file/M65p56.pdf"; VariantName = "[No Variations]"
Change component parameters (AddParameter): Name = "DatasheetVersion"; Value = "Jun-15"; VariantName = "[No Variations]"
Change component parameters (AddParameter): Name = "Diameter"; Value = "5.3 mm"; VariantName = "[No Variations]"
Change component parameters (AddParameter): Name = "Forward Current"; Value = "3 A"; VariantName = "[No Variations]"
Change component parameters (AddParameter): Name = "Forward Voltage"; Value = "1.08 V"; VariantName = "[No Variations]"
Change component parameters (AddParameter): Name = "Height"; Value = "0.25 inch"; VariantName = "[No Variations]"
Change component parameters (AddParameter): Name = "Length"; Value = "9.5 mm"; VariantName = "[No Variations]"
Change component parameters (AddParameter): Name = "Max Operating Temperature"; Value = "150 degC"; VariantName = "[No Variations]"
Change component parameters (AddParameter): Name = "Max Surge Current"; Value = "80 A"; VariantName = "[No Variations]"
Change component parameters (AddParameter): Name = "Min Operating Temperature"; Value = "-65 degC"; VariantName = "[No Variations]"
Change component parameters (AddParameter): Name = "Mount"; Value = "Through Hole"; VariantName = "[No Variations]"
Change component parameters (AddParameter): Name = "Package Quantity"; Value = "500"; VariantName = "[No Variations]"
Change component parameters (AddParameter): Name = "PackageDescription"; Value = "1-Pin Through Hole Device, Dia 2.54 mm"; VariantName = "[No Variations]"
Change component parameters (AddParameter): Name = "PackageReference"; Value = "5003"; VariantName = "[No Variations]"
Change component parameters (AddParameter): Name = "Packaging"; Value = "Bulk"; VariantName = "[No Variations]"
Change component parameters (AddParameter): Name = "Peak Reverse Current"; Value = "600 uA"; VariantName = "[No Variations]"
Change component parameters (AddParameter): Name = "Pins"; Value = "2"; VariantName = "[No Variations]"
Change component parameters (AddParameter): Name = "Radiation Hardening"; Value = "No"; VariantName = "[No Variations]"
Change component parameters (AddParameter): Name = "REACH SVHC"; Value = "No SVHC"; VariantName = "[No Variations]"
Change component parameters (AddParameter): Name = "RoHSCompliant"; Value = "true"; VariantName = "[No Variations]"
Change component parameters (AddParameter): Name = "Weight"; Value = "0.01 lb"; VariantName = "[No Variations]"
Change component parameters (AddParameter): Name = "Width"; Value = "0.25 inch"; VariantName = "[No Variations]"
Added Component: Designator=TP?(KSTN-5003)
Added Component: Designator=TP?(KSTN-5003)
Added Component: Designator=TP?(KSTN-5003)
Added Component: Designator=TP?(KSTN-5003)
Added Component: Designator=TP?(KSTN-5003)
Add Class Member: Failed to add class member : Component TP? 5003
Add Class Member: Failed to add class member : Component TP? 5003
Add Class Member: Failed to add class member : Component TP? 5003
Add Class Member: Failed to add class member : Component TP? 5003
Add Class Member: Failed to add class member : Component TP? 5003
