Removed Member From Class: ClassName=U_RFID_Reader Member=C6
Removed Member From Class: ClassName=U_ESP32-WROOM-32 Member=C9
Removed Member From Class: ClassName=U_Antenna_Matching_Circuit Member=C16
Removed Member From Class: ClassName=U_ESP32-WROOM-32 Member=C16
Removed Member From Class: ClassName=U_RFID_Reader Member=C29
Removed Member From Class: ClassName=U_Power_Circuit Member=D2
Removed Member From Class: ClassName=U_Antenna_Matching_Circuit Member=R6
Removed Member From Class: ClassName=U_Antenna_Matching_Circuit Member=R12
Removed Member From Class: ClassName=U_Antenna_Matching_Circuit Member=TP11
Removed Member From Class: ClassName=U_RFID_Reader Member=TP11
Removed Member From Class: ClassName=U_RFID_Reader Member=U2
Change Component Designator: OldDesignator=C1 NewDesignator=C29
Change Component Designator: OldDesignator=C2 NewDesignator=C23
Change Component Designator: OldDesignator=C3 NewDesignator=C28
Change Component Designator: OldDesignator=C4 NewDesignator=C22
Change Component Designator: OldDesignator=C5 NewDesignator=C27
Change Component Designator: OldDesignator=C6 NewDesignator=C21
Change Component Designator: OldDesignator=C7 NewDesignator=C26
Change Component Designator: OldDesignator=C8 NewDesignator=C20
Change Component Designator: OldDesignator=C9 NewDesignator=C25
Change Component Designator: OldDesignator=C10 NewDesignator=C24
Change Component Designator: OldDesignator=C11 NewDesignator=C19
Change Component Designator: OldDesignator=C12 NewDesignator=C18
Change Component Designator: OldDesignator=C13 NewDesignator=C15
Change Component Designator: OldDesignator=C14 NewDesignator=C16
Change Component Designator: OldDesignator=C15 NewDesignator=C9
Change Component Designator: OldDesignator=C16 NewDesignator=C10
Change Component Designator: OldDesignator=C18 NewDesignator=C12
Change Component Designator: OldDesignator=C19 NewDesignator=C11
Change Component Designator: OldDesignator=C20 NewDesignator=C7
Change Component Designator: OldDesignator=C21 NewDesignator=C14
Change Component Designator: OldDesignator=C22 NewDesignator=C8
Change Component Designator: OldDesignator=C23 NewDesignator=C13
Change Component Designator: OldDesignator=C24 NewDesignator=C3
Change Component Designator: OldDesignator=C25 NewDesignator=C4
Change Component Designator: OldDesignator=C26 NewDesignator=C6
Change Component Designator: OldDesignator=C27 NewDesignator=C5
Change Component Designator: OldDesignator=C28 NewDesignator=C1
Change Component Designator: OldDesignator=C29 NewDesignator=C2
Change Component Designator: OldDesignator=D1 NewDesignator=D2
Change Component Designator: OldDesignator=D2 NewDesignator=D3
Change Component Designator: OldDesignator=D3 NewDesignator=D4
Change Component Designator: OldDesignator=D4 NewDesignator=D1
Change Component Designator: OldDesignator=J1 NewDesignator=J2
Change Component Designator: OldDesignator=J2 NewDesignator=J1
Change Component Designator: OldDesignator=L1 NewDesignator=L3
Change Component Designator: OldDesignator=L3 NewDesignator=L1
Change Component Designator: OldDesignator=R1 NewDesignator=R8
Change Component Designator: OldDesignator=R2 NewDesignator=R9
Change Component Designator: OldDesignator=R3 NewDesignator=R10
Change Component Designator: OldDesignator=R4 NewDesignator=R7
Change Component Designator: OldDesignator=R5 NewDesignator=R3
Change Component Designator: OldDesignator=R6 NewDesignator=R4
Change Component Designator: OldDesignator=R7 NewDesignator=R6
Change Component Designator: OldDesignator=R8 NewDesignator=R5
Change Component Designator: OldDesignator=R9 NewDesignator=R2
Change Component Designator: OldDesignator=R10 NewDesignator=R11
Change Component Designator: OldDesignator=R11 NewDesignator=R12
Change Component Designator: OldDesignator=R12 NewDesignator=R1
Change Component Designator: OldDesignator=SW1 NewDesignator=SW2
Change Component Designator: OldDesignator=SW2 NewDesignator=SW1
Change Component Designator: OldDesignator=TP1 NewDesignator=TP10
Change Component Designator: OldDesignator=TP2 NewDesignator=TP6
Change Component Designator: OldDesignator=TP3 NewDesignator=TP8
Change Component Designator: OldDesignator=TP5 NewDesignator=TP9
Change Component Designator: OldDesignator=TP6 NewDesignator=TP7
Change Component Designator: OldDesignator=TP7 NewDesignator=TP5
Change Component Designator: OldDesignator=TP8 NewDesignator=TP3
Change Component Designator: OldDesignator=TP9 NewDesignator=TP4
Change Component Designator: OldDesignator=TP10 NewDesignator=TP2
Change Component Designator: OldDesignator=TP11 NewDesignator=TP1
Change Component Designator: OldDesignator=U2 NewDesignator=U1
Added Member To Class: ClassName=U_ESP32-WROOM-32 Member=Component C3 10uF
Added Member To Class: ClassName=U_ESP32-WROOM-32 Member=Component C4 0.1uF
Added Member To Class: ClassName=U_RFID_Reader Member=Component C7 33pF
Added Member To Class: ClassName=U_RFID_Reader Member=Component C13 0.1uF
Added Member To Class: ClassName=U_RFID_Reader Member=Component C14 10uF
Added Member To Class: ClassName=U_RFID_Reader Member=Component C15 0.1uF
Added Member To Class: ClassName=U_RFID_Reader Member=Component C16 10uF
Added Member To Class: ClassName=U_RFID_Reader Member=Component C18 0.1uF
Added Member To Class: ClassName=U_RFID_Reader Member=Component C19 1000pF
Added Member To Class: ClassName=U_Antenna_Matching_Circuit Member=Component C20 NC
Added Member To Class: ClassName=U_Antenna_Matching_Circuit Member=Component C23 NC
Added Member To Class: ClassName=U_Antenna_Matching_Circuit Member=Component C24 220pF
Added Member To Class: ClassName=U_Antenna_Matching_Circuit Member=Component C26 NC
Added Member To Class: ClassName=U_Power_Circuit Member=Component D1 CMS06(TE12L,Q,M)
Added Member To Class: ClassName=U_Outputs Member=Component D4 RS1M
Added Member To Class: ClassName=U_Power_Circuit Member=Component J2 Switch
Added Member To Class: ClassName=U_RFID_Reader Member=Component R3 10R
Added Member To Class: ClassName=U_RFID_Reader Member=Component R6 1.7K
Added Member To Class: ClassName=U_Antenna_Matching_Circuit Member=Component R7 1.5
Added Member To Class: ClassName=U_Antenna_Matching_Circuit Member=Component R10 1.5
Added Member To Class: ClassName=U_ESP32-WROOM-32 Member=Component SW2 RESET Button
Added Member To Class: ClassName=U_Power_Circuit Member=Component TP4 3.3V
Added Member To Class: ClassName=U_RFID_Reader Member=Component TP4 RX
Added Member To Class: ClassName=U_Antenna_Matching_Circuit Member=Component TP9 TX2_POST
Added Member To Class: ClassName=U_Antenna_Matching_Circuit Member=Component TP10 TX2_PRE
Added Member To Class: ClassName=U_RFID_Reader Member=Component U1 PN5321A3HN/C106;55
