Removed Pin From Net: NetName=NetD103_2 Pin=Q100-1
Removed Pin From Net: NetName=GND Pin=Q100-6
Change Component Footprint: Designator=Q100 Old Footprint=ONSC-SOT-563-6-463A-01_V New Footprint=INF-SOT23_M
Change Component Comment : Designator=Q100 Old Comment=BC847CDXV6T1G New Comment=BC847C
Change Managed Component Library Link : Designator=Q100 Old VaultGUID=B7D15EC3-160A-466F-A46C-7801FE6295A7 New VaultGUID=B7D15EC3-160A-466F-A46C-7801FE6295A7 Old ItemGUID=6ABE79BB-8894-48B8-99C2-75F9BE7962D2 New ItemGUID=B0DC6698-D034-4709-A35E-879C9016699A Old RevisionGUID=0E6BA7F9-0482-4C2E-85A8-EC568EE04FDF New RevisionGUID=1776180E-1443-4CB3-84CC-5E62F4588E0F
Change component parameters: Designator = "Q100" ("Q100"); Footprint = "ONSC-SOT-563-6-463A-01_V"; UniqueID = "\UBCYZFQD\RDVKGVHK" ("\UBCYZFQD\RDVKGVHK")
Change component parameters (AddParameter): Name = "ComponentLink1Description"; Value = "Manufacturer URL"; VariantName = "[No Variations]"
Change component parameters (AddParameter): Name = "ComponentLink1URL"; Value = "http://www.infineon.com/"; VariantName = "[No Variations]"
Change component parameters (AddParameter): Name = "ComponentLink2Description"; Value = "Datasheet"; VariantName = "[No Variations]"
Change component parameters (AddParameter): Name = "ComponentLink2URL"; Value = "http://www.infineon.com/dgdl/bc847series_bc848series_bc849series_bc850series.pdf?folderId=db3a304314dca389011541d30fa21656&fileId=db3a304314dca389011541d4630a1657"; VariantName = "[No Variations]"
Change component parameters (AddParameter): Name = "ComponentLink3Description"; Value = "Package Specification"; VariantName = "[No Variations]"
Change component parameters (AddParameter): Name = "ComponentLink3URL"; Value = "http://www.infineon.com/dgdl/SOT23-Package_Overview.pdf?folderId=db3a30431936bc4b0119532290053c66&fileId=db3a30431936bc4b0119533468123c85"; VariantName = "[No Variations]"
Change component parameters (AddParameter): Name = "fT (typ)"; Value = "250 MHz"; VariantName = "[No Variations]"
Change component parameters (AddParameter): Name = "Green"; Value = "TRUE"; VariantName = "[No Variations]"
Change component parameters (AddParameter): Name = "IBM (max)"; Value = "200 mA"; VariantName = "[No Variations]"
Change component parameters (AddParameter): Name = "IC (max)"; Value = "100 mA"; VariantName = "[No Variations]"
Change component parameters (AddParameter): Name = "ICBO (max)"; Value = "15 nA"; VariantName = "[No Variations]"
Change component parameters (AddParameter): Name = "ICM (max)"; Value = "200 mA"; VariantName = "[No Variations]"
Change component parameters (AddParameter): Name = "Manufacturer"; Value = "Infineon"; VariantName = "[No Variations]"
Change component parameters (AddParameter): Name = "Mounting Technology"; Value = "Surface Mount"; VariantName = "[No Variations]"
Change component parameters (AddParameter): Name = "PackageDescription"; Value = "3-Pin Small Outline Transistor Package, 1.3 x 2.9 mm Body, 0.95 mm Pitch"; VariantName = "[No Variations]"
Change component parameters (AddParameter): Name = "PackageReference"; Value = "SOT23"; VariantName = "[No Variations]"
Change component parameters (AddParameter): Name = "PackageVersion"; Value = "Apr-08"; VariantName = "[No Variations]"
Change component parameters (AddParameter): Name = "Packing"; Value = "Reel"; VariantName = "[No Variations]"
Change component parameters (AddParameter): Name = "PartNumber"; Value = "BC847B"; VariantName = "[No Variations]"
Change component parameters (AddParameter): Name = "Polarity"; Value = "NPN"; VariantName = "[No Variations]"
Change component parameters (AddParameter): Name = "Ptot (max)"; Value = "330 mW"; VariantName = "[No Variations]"
Change component parameters (AddParameter): Name = "VCBO (max)"; Value = "50 V"; VariantName = "[No Variations]"
Change component parameters (AddParameter): Name = "VCEO (max)"; Value = "45 V"; VariantName = "[No Variations]"
Change component parameters (AddParameter): Name = "VEBO (max)"; Value = "6 V"; VariantName = "[No Variations]"
Added Pin To Net: NetName=GND Pin=Q100-2
Added Pin To Net: NetName=NetD103_2 Pin=Q100-3
Added Pin To Net: NetName=NetQ100_1 Pin=Q100-1
Added Pin To Net: NetName=NetQ100_1 Pin=R104-2
Added Net: Name=NetQ100_1
