Removed Member From Class: ClassName=U_RFID_Reader Member=C22
Removed Member From Class: ClassName=U_RFID_Reader Member=C24
Change Component Designator: OldDesignator=C1 NewDesignator=C21
Change Component Designator: OldDesignator=C2 NewDesignator=C27
Change Component Designator: OldDesignator=C3 NewDesignator=C24
Change Component Designator: OldDesignator=C4 NewDesignator=C25
Change Component Designator: OldDesignator=C5 NewDesignator=C20
Change Component Designator: OldDesignator=C6 NewDesignator=C26
Change Component Designator: OldDesignator=C7 NewDesignator=C22
Change Component Designator: OldDesignator=C8 NewDesignator=C28
Change Component Designator: OldDesignator=C9 NewDesignator=C23
Change Component Designator: OldDesignator=C10 NewDesignator=C29
Change Component Designator: OldDesignator=C11 NewDesignator=C9
Change Component Designator: OldDesignator=C12 NewDesignator=C7
Change Component Designator: OldDesignator=C13 NewDesignator=C8
Change Component Designator: OldDesignator=C14 NewDesignator=C18
Change Component Designator: OldDesignator=C15 NewDesignator=C19
Change Component Designator: OldDesignator=C16 NewDesignator=C13
Change Component Designator: OldDesignator=C17 NewDesignator=C11
Change Component Designator: OldDesignator=C19 NewDesignator=C16
Change Component Designator: OldDesignator=C20 NewDesignator=C12
Change Component Designator: OldDesignator=C22 NewDesignator=C14
Change Component Designator: OldDesignator=C23 NewDesignator=C17
Change Component Designator: OldDesignator=C24 NewDesignator=C15
Change Component Designator: OldDesignator=C25 NewDesignator=C10
Change Component Designator: OldDesignator=C100 NewDesignator=C1
Change Component Designator: OldDesignator=C101 NewDesignator=C2
Change Component Designator: OldDesignator=C103 NewDesignator=C3
Change Component Designator: OldDesignator=C104 NewDesignator=C4
Change Component Designator: OldDesignator=C105 NewDesignator=C6
Change Component Designator: OldDesignator=C106 NewDesignator=C5
Change Component Designator: OldDesignator=D1 NewDesignator=DS2
Change Component Designator: OldDesignator=D100 NewDesignator=D1
Change Component Designator: OldDesignator=D103 NewDesignator=D2
Change Component Designator: OldDesignator=DS100 NewDesignator=DS1
Change Component Designator: OldDesignator=DS101 NewDesignator=DS3
Change Component Designator: OldDesignator=FB1 NewDesignator=FB2
Change Component Designator: OldDesignator=FB2 NewDesignator=FB1
Change Component Designator: OldDesignator=J100 NewDesignator=J1
Change Component Designator: OldDesignator=J101 NewDesignator=J2
Change Component Designator: OldDesignator=L3 NewDesignator=L2
Change Component Designator: OldDesignator=L4 NewDesignator=L3
Change Component Designator: OldDesignator=L100 NewDesignator=L1
Change Component Designator: OldDesignator=LS100 NewDesignator=LS1
Change Component Designator: OldDesignator=MD100 NewDesignator=MD1
Change Component Designator: OldDesignator=P100 NewDesignator=P1
Change Component Designator: OldDesignator=Q100 NewDesignator=Q1
Change Component Designator: OldDesignator=R1 NewDesignator=R5
Change Component Designator: OldDesignator=R2 NewDesignator=R6
Change Component Designator: OldDesignator=R3 NewDesignator=R7
Change Component Designator: OldDesignator=R4 NewDesignator=R10
Change Component Designator: OldDesignator=R5 NewDesignator=R9
Change Component Designator: OldDesignator=R6 NewDesignator=R8
Change Component Designator: OldDesignator=R7 NewDesignator=R4
Change Component Designator: OldDesignator=R8 NewDesignator=R3
Change Component Designator: OldDesignator=R100 NewDesignator=R1
Change Component Designator: OldDesignator=R102 NewDesignator=R11
Change Component Designator: OldDesignator=R103 NewDesignator=R2
Change Component Designator: OldDesignator=R104 NewDesignator=R12
Change Component Designator: OldDesignator=SW100 NewDesignator=SW1
Change Component Designator: OldDesignator=SW102 NewDesignator=SW2
Change Component Designator: OldDesignator=TP1 NewDesignator=TP5
Change Component Designator: OldDesignator=TP2 NewDesignator=TP7
Change Component Designator: OldDesignator=TP3 NewDesignator=TP9
Change Component Designator: OldDesignator=TP5 NewDesignator=TP6
Change Component Designator: OldDesignator=TP6 NewDesignator=TP8
Change Component Designator: OldDesignator=TP7 NewDesignator=TP4
Change Component Designator: OldDesignator=TP100 NewDesignator=TP3
Change Component Designator: OldDesignator=TP101 NewDesignator=TP4
Change Component Designator: OldDesignator=TP102 NewDesignator=TP1
Change Component Designator: OldDesignator=TP103 NewDesignator=TP2
Change Component Designator: OldDesignator=U100 NewDesignator=U1
Change Net Name : Old Net Name=NetC1_1 New Net Name=NetC20_1
Change Net Name : Old Net Name=NetC1_2 New Net Name=NetC20_2
Change Net Name : Old Net Name=NetC2_1 New Net Name=NetC26_1
Change Net Name : Old Net Name=NetC2_2 New Net Name=NetC25_1
Change Net Name : Old Net Name=NetC15_2 New Net Name=NetC19_2
Change Net Name : Old Net Name=NetC22_2 New Net Name=NetC14_2
Change Net Name : Old Net Name=NetC106_1 New Net Name=NetC5_1
Change Net Name : Old Net Name=NetD1_2 New Net Name=NetDS2_2
Change Net Name : Old Net Name=NetD100_2 New Net Name=NetD1_2
Change Net Name : Old Net Name=NetD103_2 New Net Name=NetD2_2
Change Net Name : Old Net Name=NetDS100_1 New Net Name=NetDS1_1
Change Net Name : Old Net Name=NetDS101_1 New Net Name=NetDS3_1
Change Net Name : Old Net Name=NetDS101_2 New Net Name=NetDS3_2
Change Net Name : Old Net Name=NetL3_1 New Net Name=NetL2_1
Change Net Name : Old Net Name=NetL4_1 New Net Name=NetL3_1
Change Net Name : Old Net Name=NetMD100_13 New Net Name=NetMD1_13
Change Net Name : Old Net Name=NetMD100_29 New Net Name=NetMD1_29
Change Net Name : Old Net Name=NetMD100_30 New Net Name=NetMD1_30
Change Net Name : Old Net Name=NetMD100_31 New Net Name=NetMD1_31
Change Net Name : Old Net Name=NetMD100_37 New Net Name=NetMD1_37
Change Net Name : Old Net Name=NetQ100_1 New Net Name=NetQ1_1
Change Net Name : Old Net Name=NetR3_2 New Net Name=NetR7_2
Change Net Name : Old Net Name=NetR4_1 New Net Name=NetR9_2
Change Net Name : Old Net Name=NetR7_1 New Net Name=NetR4_1
Added Member To Class: ClassName=U_RFID_Reader Member=Component C18 0.1uF
Added Member To Class: ClassName=U_RFID_Reader Member=Component C19 1000pF
